# JRE version: Java(TM) SE Runtime Environment (8.0_60-b27) (build 1.8.0_60-b27)
# Java VM: Java HotSpot(TM) 64-Bit Server VM (25.60-b23 mixed mode windows-amd64 compressed oops)
Heap:
 PSYoungGen      total 125440K, used 99022K [0x00000000eab00000, 0x00000000f3a80000, 0x0000000100000000)
  eden space 124416K, 79% used [0x00000000eab00000,0x00000000f0bb38f8,0x00000000f2480000)
  from space 1024K, 0% used [0x00000000f2580000,0x00000000f2580000,0x00000000f2680000)
  to   space 11264K, 0% used [0x00000000f2f80000,0x00000000f2f80000,0x00000000f3a80000)
 ParOldGen       total 84992K, used 45544K [0x00000000c0000000, 0x00000000c5300000, 0x00000000eab00000)
  object space 84992K, 53% used [0x00000000c0000000,0x00000000c2c7a248,0x00000000c5300000)
 Metaspace       used 73727K, capacity 79410K, committed 79872K, reserved 1118208K
  class space    used 9452K, capacity 10023K, committed 10240K, reserved 1048576K
GC Heap History (10 events):
Event: 51859.314 GC heap before
{Heap before GC invocations=128 (full 35):
 PSYoungGen      total 134144K, used 102565K [0x00000000eab00000, 0x00000000f3d80000, 0x0000000100000000)
  eden space 129536K, 77% used [0x00000000eab00000,0x00000000f0d157a8,0x00000000f2980000)
  from space 4608K, 46% used [0x00000000f3900000,0x00000000f3b14030,0x00000000f3d80000)
  to   space 10240K, 0% used [0x00000000f2980000,0x00000000f2980000,0x00000000f3380000)
 ParOldGen       total 84992K, used 45303K [0x00000000c0000000, 0x00000000c5300000, 0x00000000eab00000)
  object space 84992K, 53% used [0x00000000c0000000,0x00000000c2c3dde0,0x00000000c5300000)
 Metaspace       used 73035K, capacity 78058K, committed 79616K, reserved 1118208K
  class space    used 9333K, capacity 9815K, committed 10240K, reserved 1048576K
Event: 51859.570 GC heap after
Heap after GC invocations=128 (full 35):
 PSYoungGen      total 131072K, used 1308K [0x00000000eab00000, 0x00000000f3c80000, 0x0000000100000000)
  eden space 129536K, 0% used [0x00000000eab00000,0x00000000eab00000,0x00000000f2980000)
  from space 1536K, 85% used [0x00000000f2980000,0x00000000f2ac7210,0x00000000f2b00000)
  to   space 9728K, 0% used [0x00000000f3300000,0x00000000f3300000,0x00000000f3c80000)
 ParOldGen       total 84992K, used 46003K [0x00000000c0000000, 0x00000000c5300000, 0x00000000eab00000)
  object space 84992K, 54% used [0x00000000c0000000,0x00000000c2cecf30,0x00000000c5300000)
 Metaspace       used 73035K, capacity 78058K, committed 79616K, reserved 1118208K
  class space    used 9333K, capacity 9815K, committed 10240K, reserved 1048576K
}
Event: 51859.570 GC heap before
{Heap before GC invocations=129 (full 36):
 PSYoungGen      total 131072K, used 1308K [0x00000000eab00000, 0x00000000f3c80000, 0x0000000100000000)
  eden space 129536K, 0% used [0x00000000eab00000,0x00000000eab00000,0x00000000f2980000)
  from space 1536K, 85% used [0x00000000f2980000,0x00000000f2ac7210,0x00000000f2b00000)
  to   space 9728K, 0% used [0x00000000f3300000,0x00000000f3300000,0x00000000f3c80000)
 ParOldGen       total 84992K, used 46003K [0x00000000c0000000, 0x00000000c5300000, 0x00000000eab00000)
  object space 84992K, 54% used [0x00000000c0000000,0x00000000c2cecf30,0x00000000c5300000)
 Metaspace       used 73035K, capacity 78058K, committed 79616K, reserved 1118208K
  class space    used 9333K, capacity 9815K, committed 10240K, reserved 1048576K
Event: 51861.086 GC heap after
Heap after GC invocations=129 (full 36):
 PSYoungGen      total 131072K, used 0K [0x00000000eab00000, 0x00000000f3c80000, 0x0000000100000000)
  eden space 129536K, 0% used [0x00000000eab00000,0x00000000eab00000,0x00000000f2980000)
  from space 1536K, 0% used [0x00000000f2980000,0x00000000f2980000,0x00000000f2b00000)
  to   space 9728K, 0% used [0x00000000f3300000,0x00000000f3300000,0x00000000f3c80000)
 ParOldGen       total 84992K, used 46038K [0x00000000c0000000, 0x00000000c5300000, 0x00000000eab00000)
  object space 84992K, 54% used [0x00000000c0000000,0x00000000c2cf5970,0x00000000c5300000)
 Metaspace       used 72982K, capacity 77882K, committed 79616K, reserved 1118208K
  class space    used 9317K, capacity 9799K, committed 10240K, reserved 1048576K
}
Event: 52420.479 GC heap before
{Heap before GC invocations=130 (full 36):
 PSYoungGen      total 131072K, used 129536K [0x00000000eab00000, 0x00000000f3c80000, 0x0000000100000000)
  eden space 129536K, 100% used [0x00000000eab00000,0x00000000f2980000,0x00000000f2980000)
  from space 1536K, 0% used [0x00000000f2980000,0x00000000f2980000,0x00000000f2b00000)
  to   space 9728K, 0% used [0x00000000f3300000,0x00000000f3300000,0x00000000f3c80000)
 ParOldGen       total 84992K, used 46038K [0x00000000c0000000, 0x00000000c5300000, 0x00000000eab00000)
  object space 84992K, 54% used [0x00000000c0000000,0x00000000c2cf5970,0x00000000c5300000)
 Metaspace       used 73434K, capacity 78904K, committed 79616K, reserved 1118208K
  class space    used 9411K, capacity 9956K, committed 10240K, reserved 1048576K
Event: 52421.661 GC heap after
Heap after GC invocations=130 (full 36):
 PSYoungGen      total 134144K, used 9722K [0x00000000eab00000, 0x00000000f3c80000, 0x0000000100000000)
  eden space 124416K, 0% used [0x00000000eab00000,0x00000000eab00000,0x00000000f2480000)
  from space 9728K, 99% used [0x00000000f3300000,0x00000000f3c7eb58,0x00000000f3c80000)
  to   space 11776K, 0% used [0x00000000f2580000,0x00000000f2580000,0x00000000f3100000)
 ParOldGen       total 84992K, used 46174K [0x00000000c0000000, 0x00000000c5300000, 0x00000000eab00000)
  object space 84992K, 54% used [0x00000000c0000000,0x00000000c2d17970,0x00000000c5300000)
 Metaspace       used 73434K, capacity 78904K, committed 79616K, reserved 1118208K
  class space    used 9411K, capacity 9956K, committed 10240K, reserved 1048576K
}
Event: 52459.353 GC heap before
{Heap before GC invocations=131 (full 36):
 PSYoungGen      total 134144K, used 55615K [0x00000000eab00000, 0x00000000f3c80000, 0x0000000100000000)
  eden space 124416K, 36% used [0x00000000eab00000,0x00000000ed7d13d8,0x00000000f2480000)
  from space 9728K, 99% used [0x00000000f3300000,0x00000000f3c7eb58,0x00000000f3c80000)
  to   space 11776K, 0% used [0x00000000f2580000,0x00000000f2580000,0x00000000f3100000)
 ParOldGen       total 84992K, used 46174K [0x00000000c0000000, 0x00000000c5300000, 0x00000000eab00000)
  object space 84992K, 54% used [0x00000000c0000000,0x00000000c2d17970,0x00000000c5300000)
 Metaspace       used 73517K, capacity 79016K, committed 79616K, reserved 1118208K
  class space    used 9416K, capacity 9964K, committed 10240K, reserved 1048576K
Event: 52459.767 GC heap after
Heap after GC invocations=131 (full 36):
 PSYoungGen      total 125440K, used 685K [0x00000000eab00000, 0x00000000f3a80000, 0x0000000100000000)
  eden space 124416K, 0% used [0x00000000eab00000,0x00000000eab00000,0x00000000f2480000)
  from space 1024K, 66% used [0x00000000f2580000,0x00000000f262b5d0,0x00000000f2680000)
  to   space 11264K, 0% used [0x00000000f2f80000,0x00000000f2f80000,0x00000000f3a80000)
 ParOldGen       total 84992K, used 46926K [0x00000000c0000000, 0x00000000c5300000, 0x00000000eab00000)
  object space 84992K, 55% used [0x00000000c0000000,0x00000000c2dd3ab8,0x00000000c5300000)
 Metaspace       used 73517K, capacity 79016K, committed 79616K, reserved 1118208K
  class space    used 9416K, capacity 9964K, committed 10240K, reserved 1048576K
}
Event: 52459.767 GC heap before
{Heap before GC invocations=132 (full 37):
 PSYoungGen      total 125440K, used 685K [0x00000000eab00000, 0x00000000f3a80000, 0x0000000100000000)
  eden space 124416K, 0% used [0x00000000eab00000,0x00000000eab00000,0x00000000f2480000)
  from space 1024K, 66% used [0x00000000f2580000,0x00000000f262b5d0,0x00000000f2680000)
  to   space 11264K, 0% used [0x00000000f2f80000,0x00000000f2f80000,0x00000000f3a80000)
 ParOldGen       total 84992K, used 46926K [0x00000000c0000000, 0x00000000c5300000, 0x00000000eab00000)
  object space 84992K, 55% used [0x00000000c0000000,0x00000000c2dd3ab8,0x00000000c5300000)
 Metaspace       used 73517K, capacity 79016K, committed 79616K, reserved 1118208K
  class space    used 9416K, capacity 9964K, committed 10240K, reserved 1048576K
Event: 52461.275 GC heap after
Heap after GC invocations=132 (full 37):
 PSYoungGen      total 125440K, used 0K [0x00000000eab00000, 0x00000000f3a80000, 0x0000000100000000)
  eden space 124416K, 0% used [0x00000000eab00000,0x00000000eab00000,0x00000000f2480000)
  from space 1024K, 0% used [0x00000000f2580000,0x00000000f2580000,0x00000000f2680000)
  to   space 11264K, 0% used [0x00000000f2f80000,0x00000000f2f80000,0x00000000f3a80000)
 ParOldGen       total 84992K, used 45544K [0x00000000c0000000, 0x00000000c5300000, 0x00000000eab00000)
  object space 84992K, 53% used [0x00000000c0000000,0x00000000c2c7a248,0x00000000c5300000)
 Metaspace       used 73491K, capacity 78928K, committed 79616K, reserved 1118208K
  class space    used 9408K, capacity 9956K, committed 10240K, reserved 1048576K
}

